EntityFramework
EntityFramework.SqlServer
Epicor.Customization
Epicor.Customization.Bpm
Epicor.Customization.Core
Epicor.Functions.Core
Epicor.Functions.Runtime
Epicor.Ice
Epicor.SCIObjects
Epicor.ServiceModel
Epicor.System
Erp.Common.ContractInterfaces
Erp.Data.910100
Ice.Contracts.BO.BpHolds
Ice.Contracts.BO.BpMethod
Ice.Data.Model
Ice.Lib.Blaq
Ice.Lib.Bpm.Shared
Ice.Lib.CdcServiceShared
Ice.Lib.Shared
Microsoft.CSharp
mscorlib
netstandard
Newtonsoft.Json
System
System.Configuration
System.Core
System.Data
System.Data.DataSetExtensions
System.Runtime
System.Runtime.Serialization
System.ServiceModel
System.Transactions
System.Xml
System.Xml.Linq
